insertion sort time 1: 8e-07
676247
256610
49934
699026
319624
856156
600167
993394
323923
160912
76429
607910
422980
619934
merge sort time 1: 6e-07
676247
256610
49934
699026
319624
856156
600167
993394
323923
160912
76429
607910
422980
619934
merge sort blendtime 1: 4e-07
676247
256610
49934
699026
319624
856156
600167
993394
323923
160912
76429
607910
422980
619934
simple timsort time 1: 4e-07
676247
256610
49934
699026
319624
856156
600167
993394
323923
160912
76429
607910
422980
619934
insertion sort time 1: 5e-07
65
610313
221620
833876
442820
51625
663039
280332
884358
490052
102085
714034
324606
936370
merge sort time 1: 3e-07
65
610313
221620
833876
442820
51625
663039
280332
884358
490052
102085
714034
324606
936370
merge sort blendtime 1: 7e-07
65
610313
221620
833876
442820
51625
663039
280332
884358
490052
102085
714034
324606
936370
simple timsort time 1: 4e-07
65
610313
221620
833876
442820
51625
663039
280332
884358
490052
102085
714034
324606
936370
